<?xml version="1.0" encoding="UTF-8"?>
<!-- Generated by org.testng.reporters.JUnitReportReporter -->
<testsuite skipped="1" hostname="PUNM0973" name="DependsOn_Annotations.Test_DependsOnMethodParameter" tests="5" failures="1" timestamp="11 Jun 2019 15:07:01 GMT" time="32.791" errors="0">
  <testcase name="verifygcrShopTitle" time="0.000" classname="DependsOn_Annotations.Test_DependsOnMethodParameter">
    <skipped/>
  </testcase> <!-- verifygcrShopTitle -->
  <testcase name="launchBrowser" time="4.221" classname="DependsOn_Annotations.Test_DependsOnMethodParameter"/>
  <testcase name="verifyGoogleTitle" time="2.847" classname="DependsOn_Annotations.Test_DependsOnMethodParameter"/>
  <testcase name="closeBrowser" time="0.362" classname="DependsOn_Annotations.Test_DependsOnMethodParameter"/>
  <testcase name="verifyYahooTitle" time="25.361" classname="DependsOn_Annotations.Test_DependsOnMethodParameter">
    <failure type="java.lang.AssertionError" message="expected [Yahoo] but found [Yahoo India]">
      <![CDATA[java.lang.AssertionError: expected [Yahoo] but found [Yahoo India]
at org.testng.Assert.fail(Assert.java:96)
at org.testng.Assert.failNotEquals(Assert.java:776)
at org.testng.Assert.assertEqualsImpl(Assert.java:137)
at org.testng.Assert.assertEquals(Assert.java:118)
at org.testng.Assert.assertEquals(Assert.java:453)
at org.testng.Assert.assertEquals(Assert.java:463)
at DependsOn_Annotations.Test_DependsOnMethodParameter.verifyYahooTitle(Test_DependsOnMethodParameter.java:37)
at sun.reflect.NativeMethodAccessorImpl.invoke0(Native Method)
at sun.reflect.NativeMethodAccessorImpl.invoke(Unknown Source)
at sun.reflect.DelegatingMethodAccessorImpl.invoke(Unknown Source)
at java.lang.reflect.Method.invoke(Unknown Source)
at org.testng.internal.MethodInvocationHelper.invokeMethod(MethodInvocationHelper.java:124)
at org.testng.internal.Invoker.invokeMethod(Invoker.java:583)
at org.testng.internal.Invoker.invokeTestMethod(Invoker.java:719)
at org.testng.internal.Invoker.invokeTestMethods(Invoker.java:989)
at org.testng.internal.TestMethodWorker.invokeTestMethods(TestMethodWorker.java:125)
at org.testng.internal.TestMethodWorker.run(TestMethodWorker.java:109)
at org.testng.TestRunner.privateRun(TestRunner.java:648)
at org.testng.TestRunner.run(TestRunner.java:505)
at org.testng.SuiteRunner.runTest(SuiteRunner.java:455)
at org.testng.SuiteRunner.runSequentially(SuiteRunner.java:450)
at org.testng.SuiteRunner.privateRun(SuiteRunner.java:415)
at org.testng.SuiteRunner.run(SuiteRunner.java:364)
at org.testng.SuiteRunnerWorker.runSuite(SuiteRunnerWorker.java:52)
at org.testng.SuiteRunnerWorker.run(SuiteRunnerWorker.java:84)
at org.testng.TestNG.runSuitesSequentially(TestNG.java:1208)
at org.testng.TestNG.runSuitesLocally(TestNG.java:1137)
at org.testng.TestNG.runSuites(TestNG.java:1049)
at org.testng.TestNG.run(TestNG.java:1017)
at org.testng.remote.AbstractRemoteTestNG.run(AbstractRemoteTestNG.java:115)
at org.testng.remote.RemoteTestNG.initAndRun(RemoteTestNG.java:251)
at org.testng.remote.RemoteTestNG.main(RemoteTestNG.java:77)
]]>
    </failure>
  </testcase> <!-- verifyYahooTitle -->
</testsuite> <!-- DependsOn_Annotations.Test_DependsOnMethodParameter -->
